0 info it worked if it ends with ok
1 verbose cli [ 'node', '/usr/local/bin/npm', 'publish' ]
2 info using npm@1.3.14
3 info using node@v0.10.22
4 verbose publish [ '.' ]
5 verbose cache add [ '.', null ]
6 verbose cache add name=undefined spec="." args=[".",null]
7 verbose parsed url { protocol: null,
7 verbose parsed url   slashes: null,
7 verbose parsed url   auth: null,
7 verbose parsed url   host: null,
7 verbose parsed url   port: null,
7 verbose parsed url   hostname: null,
7 verbose parsed url   hash: null,
7 verbose parsed url   search: null,
7 verbose parsed url   query: null,
7 verbose parsed url   pathname: '.',
7 verbose parsed url   path: '.',
7 verbose parsed url   href: '.' }
8 silly lockFile 3a52ce78- .
9 verbose lock . /Users/aaronallport/.npm/3a52ce78-.lock
10 verbose tar pack [ '/var/folders/n5/jr7pl97177d5f3r77j50z8r80000gn/T/npm-10354-SG78h8WJ/1391517689012-0.5225249296054244/tmp.tgz',
10 verbose tar pack   '.' ]
11 verbose tarball /var/folders/n5/jr7pl97177d5f3r77j50z8r80000gn/T/npm-10354-SG78h8WJ/1391517689012-0.5225249296054244/tmp.tgz
12 verbose folder .
13 info prepublish generator-angular-require@0.1.6
14 silly lockFile 1f1177db-tar tar://.
15 verbose lock tar://. /Users/aaronallport/.npm/1f1177db-tar.lock
16 silly lockFile 351f1ec0-89012-0-5225249296054244-tmp-tgz tar:///var/folders/n5/jr7pl97177d5f3r77j50z8r80000gn/T/npm-10354-SG78h8WJ/1391517689012-0.5225249296054244/tmp.tgz
17 verbose lock tar:///var/folders/n5/jr7pl97177d5f3r77j50z8r80000gn/T/npm-10354-SG78h8WJ/1391517689012-0.5225249296054244/tmp.tgz /Users/aaronallport/.npm/351f1ec0-89012-0-5225249296054244-tmp-tgz.lock
18 silly lockFile 1f1177db-tar tar://.
19 silly lockFile 1f1177db-tar tar://.
20 silly lockFile 351f1ec0-89012-0-5225249296054244-tmp-tgz tar:///var/folders/n5/jr7pl97177d5f3r77j50z8r80000gn/T/npm-10354-SG78h8WJ/1391517689012-0.5225249296054244/tmp.tgz
21 silly lockFile 351f1ec0-89012-0-5225249296054244-tmp-tgz tar:///var/folders/n5/jr7pl97177d5f3r77j50z8r80000gn/T/npm-10354-SG78h8WJ/1391517689012-0.5225249296054244/tmp.tgz
22 verbose tar unpack /var/folders/n5/jr7pl97177d5f3r77j50z8r80000gn/T/npm-10354-SG78h8WJ/1391517689012-0.5225249296054244/tmp.tgz
23 silly lockFile d588391b-89012-0-5225249296054244-package tar:///var/folders/n5/jr7pl97177d5f3r77j50z8r80000gn/T/npm-10354-SG78h8WJ/1391517689012-0.5225249296054244/package
24 verbose lock tar:///var/folders/n5/jr7pl97177d5f3r77j50z8r80000gn/T/npm-10354-SG78h8WJ/1391517689012-0.5225249296054244/package /Users/aaronallport/.npm/d588391b-89012-0-5225249296054244-package.lock
25 silly lockFile 351f1ec0-89012-0-5225249296054244-tmp-tgz tar:///var/folders/n5/jr7pl97177d5f3r77j50z8r80000gn/T/npm-10354-SG78h8WJ/1391517689012-0.5225249296054244/tmp.tgz
26 verbose lock tar:///var/folders/n5/jr7pl97177d5f3r77j50z8r80000gn/T/npm-10354-SG78h8WJ/1391517689012-0.5225249296054244/tmp.tgz /Users/aaronallport/.npm/351f1ec0-89012-0-5225249296054244-tmp-tgz.lock
27 silly gunzTarPerm modes [ '755', '644' ]
28 silly gunzTarPerm extractEntry package.json
29 silly gunzTarPerm extractEntry .npmignore
30 silly gunzTarPerm extractEntry Gruntfile.js
31 silly gunzTarPerm extractEntry script-base.js
32 silly gunzTarPerm extractEntry util.js
33 silly gunzTarPerm extractEntry factory/index.js
34 silly gunzTarPerm extractEntry factory/USAGE
35 silly gunzTarPerm extractEntry .editorconfig
36 silly gunzTarPerm extractEntry app/index.js
37 silly gunzTarPerm extractEntry app/USAGE
38 silly gunzTarPerm extractEntry app/templates/fonts/glyphicons-halflings-regular.eot
39 silly gunzTarPerm extractEntry app/templates/fonts/glyphicons-halflings-regular.svg
40 silly gunzTarPerm extractEntry app/templates/fonts/glyphicons-halflings-regular.ttf
41 silly gunzTarPerm extractEntry app/templates/fonts/glyphicons-halflings-regular.woff
42 silly gunzTarPerm extractEntry app/templates/images/yeoman.png
43 silly gunzTarPerm extractEntry app/templates/styles/main.css
44 silly gunzTarPerm extractEntry app/templates/styles/main.scss
45 silly gunzTarPerm extractEntry common/index.js
46 silly gunzTarPerm extractEntry constant/index.js
47 silly gunzTarPerm extractEntry constant/USAGE
48 silly gunzTarPerm extractEntry contributing.md
49 silly gunzTarPerm extractEntry controller/index.js
50 silly gunzTarPerm extractEntry controller/USAGE
51 silly gunzTarPerm extractEntry decorator/index.js
52 silly gunzTarPerm extractEntry decorator/USAGE
53 silly gunzTarPerm extractEntry directive/index.js
54 silly gunzTarPerm extractEntry directive/USAGE
55 silly gunzTarPerm extractEntry .gitattributes
56 silly gunzTarPerm extractEntry filter/index.js
57 silly gunzTarPerm extractEntry filter/USAGE
58 silly gunzTarPerm extractEntry main/index.js
59 silly gunzTarPerm extractEntry value/index.js
60 silly gunzTarPerm extractEntry value/USAGE
61 silly gunzTarPerm extractEntry .jshintrc
62 silly gunzTarPerm extractEntry provider/index.js
63 silly gunzTarPerm extractEntry provider/USAGE
64 silly gunzTarPerm extractEntry readme.md
65 silly gunzTarPerm extractEntry route/index.js
66 silly gunzTarPerm extractEntry route/USAGE
67 silly gunzTarPerm extractEntry .travis.yml
68 silly gunzTarPerm extractEntry service/index.js
69 silly gunzTarPerm extractEntry service/USAGE
70 silly gunzTarPerm extractEntry templates/common/Gruntfile.js
71 silly gunzTarPerm extractEntry templates/common/_bower.json
72 silly gunzTarPerm extractEntry templates/common/_package.json
73 silly gunzTarPerm extractEntry templates/common/gitignore
74 silly gunzTarPerm extractEntry templates/common/index.html
75 silly gunzTarPerm extractEntry templates/common/root/.bowerrc
76 silly gunzTarPerm extractEntry templates/common/root/.editorconfig
77 silly gunzTarPerm extractEntry templates/common/root/.gitattributes
78 silly gunzTarPerm extractEntry templates/common/root/.jshintrc
79 silly gunzTarPerm extractEntry templates/common/root/app/.buildignore
80 silly gunzTarPerm extractEntry templates/common/root/app/.htaccess
81 silly gunzTarPerm extractEntry templates/common/root/app/404.html
82 silly gunzTarPerm extractEntry templates/common/root/app/favicon.ico
83 silly gunzTarPerm extractEntry templates/common/root/app/robots.txt
84 silly gunzTarPerm extractEntry templates/common/root/app/views/main.html
85 silly gunzTarPerm extractEntry templates/common/root/test/.jshintrc
86 silly gunzTarPerm extractEntry templates/common/root/test/runner.html
87 silly gunzTarPerm extractEntry templates/common/scripts/bootstrap.js
88 silly gunzTarPerm extractEntry templates/common/scripts/test-bootstrap.js
89 silly gunzTarPerm extractEntry templates/common/view.html
90 silly gunzTarPerm extractEntry templates/javascript/app.js
91 silly gunzTarPerm extractEntry templates/javascript/controller.js
92 silly gunzTarPerm extractEntry templates/javascript/decorator.js
93 silly gunzTarPerm extractEntry templates/javascript/directive.js
94 silly gunzTarPerm extractEntry templates/javascript/filter.js
95 silly gunzTarPerm extractEntry templates/javascript/service/constant.js
96 silly gunzTarPerm extractEntry templates/javascript/service/factory.js
97 silly gunzTarPerm extractEntry templates/javascript/service/provider.js
98 silly gunzTarPerm extractEntry templates/javascript/service/service.js
99 silly gunzTarPerm extractEntry templates/javascript/service/value.js
100 silly gunzTarPerm extractEntry templates/javascript/spec/controller.js
101 silly gunzTarPerm extractEntry templates/javascript/spec/directive.js
102 silly gunzTarPerm extractEntry templates/javascript/spec/filter.js
103 silly gunzTarPerm extractEntry templates/javascript/spec/service.js
104 silly gunzTarPerm extractEntry test/test-appname-substitution.js
105 silly gunzTarPerm extractEntry test/test-file-creation.js
106 silly gunzTarPerm extractEntry CHANGELOG.md
107 silly gunzTarPerm extractEntry view/index.js
108 silly gunzTarPerm extractEntry view/USAGE
109 silly lockFile d588391b-89012-0-5225249296054244-package tar:///var/folders/n5/jr7pl97177d5f3r77j50z8r80000gn/T/npm-10354-SG78h8WJ/1391517689012-0.5225249296054244/package
110 silly lockFile d588391b-89012-0-5225249296054244-package tar:///var/folders/n5/jr7pl97177d5f3r77j50z8r80000gn/T/npm-10354-SG78h8WJ/1391517689012-0.5225249296054244/package
111 silly lockFile 351f1ec0-89012-0-5225249296054244-tmp-tgz tar:///var/folders/n5/jr7pl97177d5f3r77j50z8r80000gn/T/npm-10354-SG78h8WJ/1391517689012-0.5225249296054244/tmp.tgz
112 silly lockFile 351f1ec0-89012-0-5225249296054244-tmp-tgz tar:///var/folders/n5/jr7pl97177d5f3r77j50z8r80000gn/T/npm-10354-SG78h8WJ/1391517689012-0.5225249296054244/tmp.tgz
113 verbose tar pack [ '/Users/aaronallport/.npm/generator-angular-require/0.1.6/package.tgz',
113 verbose tar pack   '/var/folders/n5/jr7pl97177d5f3r77j50z8r80000gn/T/npm-10354-SG78h8WJ/1391517689012-0.5225249296054244/package' ]
114 verbose tarball /Users/aaronallport/.npm/generator-angular-require/0.1.6/package.tgz
115 verbose folder /var/folders/n5/jr7pl97177d5f3r77j50z8r80000gn/T/npm-10354-SG78h8WJ/1391517689012-0.5225249296054244/package
116 silly lockFile d588391b-89012-0-5225249296054244-package tar:///var/folders/n5/jr7pl97177d5f3r77j50z8r80000gn/T/npm-10354-SG78h8WJ/1391517689012-0.5225249296054244/package
117 verbose lock tar:///var/folders/n5/jr7pl97177d5f3r77j50z8r80000gn/T/npm-10354-SG78h8WJ/1391517689012-0.5225249296054244/package /Users/aaronallport/.npm/d588391b-89012-0-5225249296054244-package.lock
118 silly lockFile 979352f5-ngular-require-0-1-6-package-tgz tar:///Users/aaronallport/.npm/generator-angular-require/0.1.6/package.tgz
119 verbose lock tar:///Users/aaronallport/.npm/generator-angular-require/0.1.6/package.tgz /Users/aaronallport/.npm/979352f5-ngular-require-0-1-6-package-tgz.lock
120 silly lockFile d588391b-89012-0-5225249296054244-package tar:///var/folders/n5/jr7pl97177d5f3r77j50z8r80000gn/T/npm-10354-SG78h8WJ/1391517689012-0.5225249296054244/package
121 silly lockFile d588391b-89012-0-5225249296054244-package tar:///var/folders/n5/jr7pl97177d5f3r77j50z8r80000gn/T/npm-10354-SG78h8WJ/1391517689012-0.5225249296054244/package
122 silly lockFile 979352f5-ngular-require-0-1-6-package-tgz tar:///Users/aaronallport/.npm/generator-angular-require/0.1.6/package.tgz
123 silly lockFile 979352f5-ngular-require-0-1-6-package-tgz tar:///Users/aaronallport/.npm/generator-angular-require/0.1.6/package.tgz
124 silly lockFile f3cc9b5a-or-angular-require-0-1-6-package /Users/aaronallport/.npm/generator-angular-require/0.1.6/package
125 verbose lock /Users/aaronallport/.npm/generator-angular-require/0.1.6/package /Users/aaronallport/.npm/f3cc9b5a-or-angular-require-0-1-6-package.lock
126 silly lockFile f3cc9b5a-or-angular-require-0-1-6-package /Users/aaronallport/.npm/generator-angular-require/0.1.6/package
127 silly lockFile f3cc9b5a-or-angular-require-0-1-6-package /Users/aaronallport/.npm/generator-angular-require/0.1.6/package
128 verbose tar unpack /Users/aaronallport/.npm/generator-angular-require/0.1.6/package.tgz
129 silly lockFile 3035b007-or-angular-require-0-1-6-package tar:///Users/aaronallport/.npm/generator-angular-require/0.1.6/package
130 verbose lock tar:///Users/aaronallport/.npm/generator-angular-require/0.1.6/package /Users/aaronallport/.npm/3035b007-or-angular-require-0-1-6-package.lock
131 silly lockFile 979352f5-ngular-require-0-1-6-package-tgz tar:///Users/aaronallport/.npm/generator-angular-require/0.1.6/package.tgz
132 verbose lock tar:///Users/aaronallport/.npm/generator-angular-require/0.1.6/package.tgz /Users/aaronallport/.npm/979352f5-ngular-require-0-1-6-package-tgz.lock
133 silly gunzTarPerm modes [ '755', '644' ]
134 silly gunzTarPerm extractEntry package.json
135 silly gunzTarPerm extractEntry .npmignore
136 silly gunzTarPerm extractEntry Gruntfile.js
137 silly gunzTarPerm extractEntry script-base.js
138 silly gunzTarPerm extractEntry util.js
139 silly gunzTarPerm extractEntry factory/index.js
140 silly gunzTarPerm extractEntry factory/USAGE
141 silly gunzTarPerm extractEntry .jshintrc
142 silly gunzTarPerm extractEntry app/index.js
143 silly gunzTarPerm extractEntry app/USAGE
144 silly gunzTarPerm extractEntry app/templates/fonts/glyphicons-halflings-regular.eot
145 silly gunzTarPerm extractEntry app/templates/fonts/glyphicons-halflings-regular.svg
146 silly gunzTarPerm extractEntry app/templates/fonts/glyphicons-halflings-regular.ttf
147 silly gunzTarPerm extractEntry app/templates/fonts/glyphicons-halflings-regular.woff
148 silly gunzTarPerm extractEntry app/templates/images/yeoman.png
149 silly gunzTarPerm extractEntry app/templates/styles/main.css
150 silly gunzTarPerm extractEntry app/templates/styles/main.scss
151 silly gunzTarPerm extractEntry common/index.js
152 silly gunzTarPerm extractEntry constant/index.js
153 silly gunzTarPerm extractEntry constant/USAGE
154 silly gunzTarPerm extractEntry contributing.md
155 silly gunzTarPerm extractEntry controller/index.js
156 silly gunzTarPerm extractEntry controller/USAGE
157 silly gunzTarPerm extractEntry decorator/index.js
158 silly gunzTarPerm extractEntry decorator/USAGE
159 silly gunzTarPerm extractEntry directive/index.js
160 silly gunzTarPerm extractEntry directive/USAGE
161 silly gunzTarPerm extractEntry .gitattributes
162 silly gunzTarPerm extractEntry filter/index.js
163 silly gunzTarPerm extractEntry filter/USAGE
164 silly gunzTarPerm extractEntry main/index.js
165 silly gunzTarPerm extractEntry .editorconfig
166 silly gunzTarPerm extractEntry provider/index.js
167 silly gunzTarPerm extractEntry provider/USAGE
168 silly gunzTarPerm extractEntry readme.md
169 silly gunzTarPerm extractEntry route/index.js
170 silly gunzTarPerm extractEntry route/USAGE
171 silly gunzTarPerm extractEntry .travis.yml
172 silly gunzTarPerm extractEntry service/index.js
173 silly gunzTarPerm extractEntry service/USAGE
174 silly gunzTarPerm extractEntry templates/common/Gruntfile.js
175 silly gunzTarPerm extractEntry templates/common/_bower.json
176 silly gunzTarPerm extractEntry templates/common/_package.json
177 silly gunzTarPerm extractEntry templates/common/gitignore
178 silly gunzTarPerm extractEntry templates/common/index.html
179 silly gunzTarPerm extractEntry templates/common/root/.bowerrc
180 silly gunzTarPerm extractEntry templates/common/root/.editorconfig
181 silly gunzTarPerm extractEntry templates/common/root/.gitattributes
182 silly gunzTarPerm extractEntry templates/common/root/.jshintrc
183 silly gunzTarPerm extractEntry templates/common/root/app/.buildignore
184 silly gunzTarPerm extractEntry templates/common/root/app/.htaccess
185 silly gunzTarPerm extractEntry templates/common/root/app/404.html
186 silly gunzTarPerm extractEntry templates/common/root/app/favicon.ico
187 silly gunzTarPerm extractEntry templates/common/root/app/robots.txt
188 silly gunzTarPerm extractEntry templates/common/root/app/views/main.html
189 silly gunzTarPerm extractEntry templates/common/root/test/.jshintrc
190 silly gunzTarPerm extractEntry templates/common/root/test/runner.html
191 silly gunzTarPerm extractEntry templates/common/scripts/bootstrap.js
192 silly gunzTarPerm extractEntry templates/common/scripts/test-bootstrap.js
193 silly gunzTarPerm extractEntry templates/common/view.html
194 silly gunzTarPerm extractEntry templates/javascript/app.js
195 silly gunzTarPerm extractEntry templates/javascript/controller.js
196 silly gunzTarPerm extractEntry templates/javascript/decorator.js
197 silly gunzTarPerm extractEntry templates/javascript/directive.js
198 silly gunzTarPerm extractEntry templates/javascript/filter.js
199 silly gunzTarPerm extractEntry templates/javascript/service/constant.js
200 silly gunzTarPerm extractEntry templates/javascript/service/factory.js
201 silly gunzTarPerm extractEntry templates/javascript/service/provider.js
202 silly gunzTarPerm extractEntry templates/javascript/service/service.js
203 silly gunzTarPerm extractEntry templates/javascript/service/value.js
204 silly gunzTarPerm extractEntry templates/javascript/spec/controller.js
205 silly gunzTarPerm extractEntry templates/javascript/spec/directive.js
206 silly gunzTarPerm extractEntry templates/javascript/spec/filter.js
207 silly gunzTarPerm extractEntry templates/javascript/spec/service.js
208 silly gunzTarPerm extractEntry test/test-appname-substitution.js
209 silly gunzTarPerm extractEntry test/test-file-creation.js
210 silly gunzTarPerm extractEntry CHANGELOG.md
211 silly gunzTarPerm extractEntry value/index.js
212 silly gunzTarPerm extractEntry value/USAGE
213 silly gunzTarPerm extractEntry view/index.js
214 silly gunzTarPerm extractEntry view/USAGE
215 silly lockFile 3035b007-or-angular-require-0-1-6-package tar:///Users/aaronallport/.npm/generator-angular-require/0.1.6/package
216 silly lockFile 3035b007-or-angular-require-0-1-6-package tar:///Users/aaronallport/.npm/generator-angular-require/0.1.6/package
217 silly lockFile 979352f5-ngular-require-0-1-6-package-tgz tar:///Users/aaronallport/.npm/generator-angular-require/0.1.6/package.tgz
218 silly lockFile 979352f5-ngular-require-0-1-6-package-tgz tar:///Users/aaronallport/.npm/generator-angular-require/0.1.6/package.tgz
219 verbose chmod /Users/aaronallport/.npm/generator-angular-require/0.1.6/package.tgz 644
220 verbose chown /Users/aaronallport/.npm/generator-angular-require/0.1.6/package.tgz [ 501, 20 ]
221 silly lockFile 3a52ce78- .
222 silly lockFile 3a52ce78- .
223 silly publish { name: 'generator-angular-require',
223 silly publish   version: '0.1.6',
223 silly publish   description: 'Yeoman generator for AngularJS using RequireJS',
223 silly publish   keywords:
223 silly publish    [ 'yeoman-generator',
223 silly publish      'scaffold',
223 silly publish      'framework',
223 silly publish      'component',
223 silly publish      'front-end',
223 silly publish      'app',
223 silly publish      'angular',
223 silly publish      'requirejs' ],
223 silly publish   author: { name: 'Aaron Allport' },
223 silly publish   main: 'app/index.js',
223 silly publish   repository:
223 silly publish    { type: 'git',
223 silly publish      url: 'https://github.com/aaronallport/generator-angular-require.git' },
223 silly publish   bugs: { url: 'http://github.com/aaronallport/generator-angular-require/issues' },
223 silly publish   scripts: { test: 'mocha' },
223 silly publish   dependencies:
223 silly publish    { 'yeoman-generator': '~0.16.0',
223 silly publish      chalk: '~0.4.0',
223 silly publish      wiredep: '~0.4.2',
223 silly publish      'generator-karma-require': '>=0.1.1' },
223 silly publish   peerDependencies: { yo: '>=1.0.0' },
223 silly publish   devDependencies:
223 silly publish    { mocha: '*',
223 silly publish      grunt: '~0.4.1',
223 silly publish      'grunt-contrib-jshint': '~0.7.2',
223 silly publish      'grunt-conventional-changelog': '~1.0.0',
223 silly publish      'load-grunt-tasks': '~0.2.0',
223 silly publish      marked: '~0.2.8',
223 silly publish      semver: '~2.2.1',
223 silly publish      'underscore.string': '~2.3.1',
223 silly publish      'grunt-release': '~0.6.0' },
223 silly publish   engines: { node: '>=0.10.0', npm: '>=1.2.10' },
223 silly publish   licenses: [ { type: 'BSD' } ],
223 silly publish   readme: '# AngularJS-RequireJS generator \n\n[![Built with Grunt](https://cdn.gruntjs.com/builtwith.png)](http://gruntjs.com/) [![Build Status](https://travis-ci.org/aaronallport/generator-angular-require.png?branch=master)](https://travis-ci.org/aaronallport/generator-angular-require)\n\n> Yeoman generator for AngularJS using RequireJS - lets you quickly set up a project with sensible defaults and best practises. Much <3 to the Yeoman community for creating such a great tool!\n\n\n## Usage\n\nInstall `generator-angular-require`:\n```\nnpm install -g generator-angular-require\n```\n\nMake a new directory, and `cd` into it:\n```\nmkdir my-new-project && cd $_\n```\n\nRun `yo angular-require`, optionally passing an app name:\n```\nyo angular-require [app-name]\n```\n\nRun `grunt` for building and `grunt serve` for preview\n\n\n## Generators\n\nAvailable generators:\n\n* [angular-require](#app) (aka [angular-require:app](#app))\n* [angular-require:controller](#controller)\n* [angular-require:directive](#directive)\n* [angular-require:filter](#filter)\n* [angular-require:route](#route)\n* [angular-require:service](#service)\n* [angular-require:provider](#service)\n* [angular-require:factory](#service)\n* [angular-require:value](#service)\n* [angular-require:constant](#service)\n* [angular-require:decorator](#decorator)\n* [angular-require:view](#view)\n\n**Note: Generators are to be run from the root directory of your app.**\n\n### App\nSets up a new AngularJS-RequireJS app, generating all the boilerplate you need to get started. The app generator also optionally installs Twitter Bootstrap and additional AngularJS modules, such as angular-resource (installed by default).\n\nExample:\n```bash\nyo angular-require\n```\n\n### Route\nGenerates a controller and view, and configures a route in `app/scripts/app.js` connecting them.\n\nExample:\n```bash\nyo angular-require:route myroute\n```\n\nProduces `app/scripts/controllers/myroute.js`:\n```javascript\nangular.module(\'myMod\').controller(\'MyrouteCtrl\', function ($scope) {\n  // ...\n});\n```\n\nProduces `app/views/myroute.html`:\n```html\n<p>This is the myroute view</p>\n```\n\n### Controller\nGenerates a controller in `app/scripts/controllers`.\n\nExample:\n```bash\nyo angular-require:controller user\n```\n\nProduces `app/scripts/controllers/user.js`:\n```javascript\nangular.module(\'myMod\').controller(\'UserCtrl\', function ($scope) {\n  // ...\n});\n```\n### Directive\nGenerates a directive in `app/scripts/directives`.\n\nExample:\n```bash\nyo angular-require:directive myDirective\n```\n\nProduces `app/scripts/directives/myDirective.js`:\n```javascript\nangular.module(\'myMod\').directive(\'myDirective\', function () {\n  return {\n    template: \'<div></div>\',\n    restrict: \'E\',\n    link: function postLink(scope, element, attrs) {\n      element.text(\'this is the myDirective directive\');\n    }\n  };\n});\n```\n\n### Filter\nGenerates a filter in `app/scripts/filters`.\n\nExample:\n```bash\nyo angular-require:filter myFilter\n```\n\nProduces `app/scripts/filters/myFilter.js`:\n```javascript\nangular.module(\'myMod\').filter(\'myFilter\', function () {\n  return function (input) {\n    return \'myFilter filter:\' + input;\n  };\n});\n```\n\n### View\nGenerates an HTML view file in `app/views`.\n\nExample:\n```bash\nyo angular-require:view user\n```\n\nProduces `app/views/user.html`:\n```html\n<p>This is the user view</p>\n```\n\n### Service\nGenerates an AngularJS service.\n\nExample:\n```bash\nyo angular-require:service myService\n```\n\nProduces `app/scripts/services/myService.js`:\n```javascript\nangular.module(\'myMod\').service(\'myService\', function () {\n  // ...\n});\n```\n\nYou can also do `yo angular:factory`, `yo angular:provider`, `yo angular:value`, and `yo angular:constant` for other types of services.\n\n### Decorator\nGenerates an AngularJS service decorator.\n\nExample:\n```bash\nyo angular-require:decorator serviceName\n```\n\nProduces `app/scripts/decorators/serviceNameDecorator.js`:\n```javascript\nangular.module(\'myMod\').config(function ($provide) {\n    $provide.decorator(\'serviceName\', function ($delegate) {\n      // ...\n      return $delegate;\n    });\n  });\n```\n\n## Options\nIn general, these options can be applied to any generator, though they only affect generators that produce scripts.\n\n### CoffeeScript\nCoffeeScript is not supported at this time. Sorry. We\'ll take a look at CoffeeScript possibly being added at a later date.\n\n### What happened to the Minification Safe option?\n\n**Deprecated**\n\n[Related Issue #452](https://github.com/yeoman/generator-angular/issues/452): This option has been removed in accordance with this issue on GitHub. The recommended build process uses `ngmin`, a tool that automatically adds these annotations. However, if you\'d rather not use `ngmin`, you have to add these annotations manually yourself. **One thing to note is that `ngmin` does not produce minsafe code for things that are not main level elements like controller, services, providers, etc.:\n```javascript\nresolve: {\n  User: function(myService) {\n    return MyService();\n  }\n}\n```\n\nwill need to be manually done like so:\n```javascript\nresolve: {\n  User: [\'myService\', function(myService) {\n    return MyService();\n  }]\n}\n```\n\n\n### Add to Index\nBy default, new scripts are added to the index.html file. However, this may not always be suitable. Some use cases:\n\n* Manually added to the file\n* Auto-added by a 3rd party plugin\n* Using this generator as a subgenerator\n\nTo skip adding them to the index, pass in the skip-add argument:\n```bash\nyo angular-require:service serviceName --skip-add\n```\n\n## Bower Components\n\nThe following packages are always installed by the [app](#app) generator:\n\n* angular\n* angular-mocks\n* angular-scenario\n\n\nThe following additional modules are available as components on bower, and installable via `bower install`:\n\n* angular-cookies\n* angular-loader\n* angular-resource\n* angular-sanitize\n\nAll of these can be updated with `bower update` as new versions of AngularJS are released.\n\n## Configuration\nYeoman generated projects can be further tweaked according to your needs by modifying project files appropriately.\n\n### Output\nYou can change the `app` directory by adding a `appPath` property to `bower.json`. For instance, if you wanted to easily integrate with Express.js, you could add the following:\n\n```json\n{\n  "name": "yo-test",\n  "version": "0.0.0",\n  ...\n  "appPath": "public"\n}\n\n```\nThis will cause Yeoman-generated client-side files to be placed in `public`.\n\n## Testing\n\nRunning `grunt test` will run the unit tests with karma.\n\n## Contribute\n\nSee the [contributing docs](https://github.com/yeoman/yeoman/blob/master/contributing.md)\n\nWhen submitting an issue, please follow the [guidelines](https://github.com/yeoman/yeoman/blob/master/contributing.md#issue-submission). Especially important is to make sure Yeoman is up-to-date, and providing the command or commands that cause the issue.\n\nWhen submitting a PR, make sure that the commit messages match the [AngularJS conventions](https://docs.google.com/document/d/1QrDFcIiPjSLDn3EL15IJygNPiHORgU1_OOAqWjiDU5Y/).\n\nWhen submitting a bugfix, write a test that exposes the bug and fails before applying your fix. Submit the test alongside the fix.\n\nWhen submitting a new feature, add tests that cover the feature.\n\n## License\n\n[BSD license](http://opensource.org/licenses/bsd-license.php)\n',
223 silly publish   readmeFilename: 'readme.md',
223 silly publish   homepage: 'https://github.com/aaronallport/generator-angular-require',
223 silly publish   _id: 'generator-angular-require@0.1.6',
223 silly publish   dist: { shasum: 'e0d40452c0c2be7c4f6436a61fc9ffc116f2680a' },
223 silly publish   _from: '.' }
224 verbose url raw generator-angular-require
225 verbose url resolving [ 'https://registry.npmjs.org/', './generator-angular-require' ]
226 verbose url resolved https://registry.npmjs.org/generator-angular-require
227 info trying registry request attempt 1 at 12:41:31
228 http PUT https://registry.npmjs.org/generator-angular-require
229 info retry will retry, error on last attempt: Error: connect ETIMEDOUT
230 info trying registry request attempt 2 at 12:42:59
231 http PUT https://registry.npmjs.org/generator-angular-require
232 info retry will retry, error on last attempt: Error: connect ETIMEDOUT
233 info trying registry request attempt 3 at 12:45:15
234 http PUT https://registry.npmjs.org/generator-angular-require
235 error publish Failed PUT response undefined
236 error network connect ETIMEDOUT
236 error network This is most likely not a problem with npm itself
236 error network and is related to network connectivity.
236 error network In most cases you are behind a proxy or have bad network settings.
236 error network
236 error network If you are behind a proxy, please make sure that the
236 error network 'proxy' config is set properly.  See: 'npm help config'
237 error System Darwin 13.0.2
238 error command "node" "/usr/local/bin/npm" "publish"
239 error cwd /Users/aaronallport/GitHub Projects/generator-angular-require
240 error node -v v0.10.22
241 error npm -v 1.3.14
242 error syscall connect
243 error code ETIMEDOUT
244 error errno ETIMEDOUT
245 verbose exit [ 1, true ]
